  Compiling CUDA source file kernel.cu...
  
  C:\Users\Vasilisa\source\repos\CUDA\CudaRuntime1\CudaRuntime1>"C:\Program Files\NVIDIA GPU Computing Toolkit\CUDA\v12.3\bin\nvcc.exe" -gencode=arch=compute_52,code=\"sm_52,compute_52\" --use-local-env -ccbin "C:\Program Files\Microsoft Visual Studio\2022\Community\VC\Tools\MSVC\14.39.33519\bin\HostX64\x64" -x cu   -I"C:\Program Files\NVIDIA GPU Computing Toolkit\CUDA\v12.3\include" -I"C:\Program Files\NVIDIA GPU Computing Toolkit\CUDA\v12.3\include"     --keep-dir x64\Release  -maxrregcount=0   --machine 64 --compile -cudart static    -DWIN32 -DWIN64 -DNDEBUG -D_CONSOLE -D_MBCS -Xcompiler "/EHsc /W3 /nologo /O2 /FS   /MD " -Xcompiler "/Fdx64\Release\vc143.pdb" -o C:\Users\Vasilisa\source\repos\CUDA\CudaRuntime1\CudaRuntime1\x64\Release\kernel.cu.obj "C:\Users\Vasilisa\source\repos\CUDA\CudaRuntime1\CudaRuntime1\kernel.cu" 
C:\Users\Vasilisa\source\repos\CUDA\CudaRuntime1\CudaRuntime1\kernel.cu(183): warning #546-D: transfer of control bypasses initialization of:
              variable "BLOCK_SIZE" (declared at line 208)
            goto Error;
            ^
  
  Remark: The warnings can be suppressed with "-diag-suppress <warning-number>"
  
C:\Users\Vasilisa\source\repos\CUDA\CudaRuntime1\CudaRuntime1\kernel.cu(190): warning #546-D: transfer of control bypasses initialization of:
              variable "BLOCK_SIZE" (declared at line 208)
            goto Error;
            ^
  
C:\Users\Vasilisa\source\repos\CUDA\CudaRuntime1\CudaRuntime1\kernel.cu(196): warning #546-D: transfer of control bypasses initialization of:
              variable "BLOCK_SIZE" (declared at line 208)
            goto Error;
            ^
  
C:\Users\Vasilisa\source\repos\CUDA\CudaRuntime1\CudaRuntime1\kernel.cu(203): warning #546-D: transfer of control bypasses initialization of:
              variable "BLOCK_SIZE" (declared at line 208)
            goto Error;
            ^
  
C:\Users\Vasilisa\source\repos\CUDA\CudaRuntime1\CudaRuntime1\md5.c(211): warning #20037-D: a __device__ function("md5File") redeclared without __device__, hence treated as a __host__ __device__ function
    void md5File(FILE *file, uint8_t *result){
         ^
  
  Remark: The warnings can be suppressed with "-diag-suppress <warning-number>"
  
C:\Users\Vasilisa\source\repos\CUDA\CudaRuntime1\CudaRuntime1\kernel.cu(30): warning #20014-D: calling a __host__ function from a __host__ __device__ function is not allowed
            fprintf(file,"%02x", p[i]);
            ^
  
C:\Users\Vasilisa\source\repos\CUDA\CudaRuntime1\CudaRuntime1\kernel.cu(32): warning #20014-D: calling a __host__ function from a __host__ __device__ function is not allowed
        fprintf(file,"\n");
        ^
  
C:\Users\Vasilisa\source\repos\CUDA\CudaRuntime1\CudaRuntime1\kernel.cu(183): warning #546-D: transfer of control bypasses initialization of:
              variable "BLOCK_SIZE" (declared at line 208)
            goto Error;
            ^
  
C:\Users\Vasilisa\source\repos\CUDA\CudaRuntime1\CudaRuntime1\kernel.cu(190): warning #546-D: transfer of control bypasses initialization of:
              variable "BLOCK_SIZE" (declared at line 208)
            goto Error;
            ^
  
C:\Users\Vasilisa\source\repos\CUDA\CudaRuntime1\CudaRuntime1\kernel.cu(196): warning #546-D: transfer of control bypasses initialization of:
              variable "BLOCK_SIZE" (declared at line 208)
            goto Error;
            ^
  
C:\Users\Vasilisa\source\repos\CUDA\CudaRuntime1\CudaRuntime1\kernel.cu(203): warning #546-D: transfer of control bypasses initialization of:
              variable "BLOCK_SIZE" (declared at line 208)
            goto Error;
            ^
  
C:\Users\Vasilisa\source\repos\CUDA\CudaRuntime1\CudaRuntime1\md5.c(218): warning #20011-D: calling a __host__ function("fread") from a __host__ __device__ function("md5File") is not allowed
  
C:\Users\Vasilisa\source\repos\CUDA\CudaRuntime1\CudaRuntime1\kernel.cu(30): warning #20011-D: calling a __host__ function("fprintf") from a __host__ __device__ function("fprint_hash") is not allowed
  
C:\Users\Vasilisa\source\repos\CUDA\CudaRuntime1\CudaRuntime1\kernel.cu(32): warning #20011-D: calling a __host__ function("fprintf") from a __host__ __device__ function("fprint_hash") is not allowed
  
  kernel.cu
  tmpxft_00006fb0_00000000-7_kernel.cudafe1.cpp
     Создается библиотека C:\Users\Vasilisa\source\repos\CUDA\CudaRuntime1\x64\Release\CudaRuntime1.lib и объект C:\Users\Vasilisa\source\repos\CUDA\CudaRuntime1\x64\Release\CudaRuntime1.exp
LINK : warning LNK4098: библиотека по умолчанию "LIBCMT" конфликтует с использованием других библиотек; используйте /NODEFAULTLIB:library
  LINK : указан параметр /LTCG, но не требуется создание кода; удалите /LTCG из командной строки компоновки для повышения производительности компоновщика
  CudaRuntime1.vcxproj -> C:\Users\Vasilisa\source\repos\CUDA\CudaRuntime1\x64\Release\CudaRuntime1.exe
