  Compiling CUDA source file kernel.cu...
  
  C:\Users\Vasilisa\source\repos\CUDA\CudaRuntime1\CudaRuntime1>"C:\Program Files\NVIDIA GPU Computing Toolkit\CUDA\v12.3\bin\nvcc.exe" -gencode=arch=compute_52,code=\"sm_52,compute_52\" --use-local-env -ccbin "C:\Program Files\Microsoft Visual Studio\2022\Community\VC\Tools\MSVC\14.39.33519\bin\HostX64\x64" -x cu   -I"C:\Program Files\NVIDIA GPU Computing Toolkit\CUDA\v12.3\include" -I"C:\Program Files\NVIDIA GPU Computing Toolkit\CUDA\v12.3\include"  -G   --keep-dir x64\Debug  -maxrregcount=0   --machine 64 --compile -cudart static  -g  -DWIN32 -DWIN64 -D_DEBUG -D_CONSOLE -D_MBCS -Xcompiler "/EHsc /W3 /nologo /Od /FS /Zi /RTC1 /MDd " -Xcompiler "/Fdx64\Debug\vc143.pdb" -o C:\Users\Vasilisa\source\repos\CUDA\CudaRuntime1\CudaRuntime1\x64\Debug\kernel.cu.obj "C:\Users\Vasilisa\source\repos\CUDA\CudaRuntime1\CudaRuntime1\kernel.cu" 
C:\Users\Vasilisa\source\repos\CUDA\CudaRuntime1\CudaRuntime1\kernel.cu(181): warning #546-D: transfer of control bypasses initialization of:
              variable "BLOCK_SIZE" (declared at line 205)
            goto Error;
            ^
  
  Remark: The warnings can be suppressed with "-diag-suppress <warning-number>"
  
C:\Users\Vasilisa\source\repos\CUDA\CudaRuntime1\CudaRuntime1\kernel.cu(188): warning #546-D: transfer of control bypasses initialization of:
              variable "BLOCK_SIZE" (declared at line 205)
            goto Error;
            ^
  
C:\Users\Vasilisa\source\repos\CUDA\CudaRuntime1\CudaRuntime1\kernel.cu(194): warning #546-D: transfer of control bypasses initialization of:
              variable "BLOCK_SIZE" (declared at line 205)
            goto Error;
            ^
  
C:\Users\Vasilisa\source\repos\CUDA\CudaRuntime1\CudaRuntime1\kernel.cu(201): warning #546-D: transfer of control bypasses initialization of:
              variable "BLOCK_SIZE" (declared at line 205)
            goto Error;
            ^
  
C:\Users\Vasilisa\source\repos\CUDA\CudaRuntime1\CudaRuntime1\md5.c(211): warning #20037-D: a __device__ function("md5File") redeclared without __device__, hence treated as a __host__ __device__ function
    void md5File(FILE *file, uint8_t *result){
         ^
  
  Remark: The warnings can be suppressed with "-diag-suppress <warning-number>"
  
C:\Users\Vasilisa\source\repos\CUDA\CudaRuntime1\CudaRuntime1\kernel.cu(28): warning #20014-D: calling a __host__ function from a __host__ __device__ function is not allowed
            fprintf(file,"%02x", p[i]);
            ^
  
C:\Users\Vasilisa\source\repos\CUDA\CudaRuntime1\CudaRuntime1\kernel.cu(30): warning #20014-D: calling a __host__ function from a __host__ __device__ function is not allowed
        fprintf(file,"\n");
        ^
  
C:\Users\Vasilisa\source\repos\CUDA\CudaRuntime1\CudaRuntime1\kernel.cu(40): warning #181-D: argument is incompatible with corresponding format string conversion (expected type "int" but argument has type "long long")
            printf("= %d\n", i);
                             ^
  
C:\Users\Vasilisa\source\repos\CUDA\CudaRuntime1\CudaRuntime1\kernel.cu(181): warning #546-D: transfer of control bypasses initialization of:
              variable "BLOCK_SIZE" (declared at line 205)
            goto Error;
            ^
  
C:\Users\Vasilisa\source\repos\CUDA\CudaRuntime1\CudaRuntime1\kernel.cu(188): warning #546-D: transfer of control bypasses initialization of:
              variable "BLOCK_SIZE" (declared at line 205)
            goto Error;
            ^
  
C:\Users\Vasilisa\source\repos\CUDA\CudaRuntime1\CudaRuntime1\kernel.cu(194): warning #546-D: transfer of control bypasses initialization of:
              variable "BLOCK_SIZE" (declared at line 205)
            goto Error;
            ^
  
C:\Users\Vasilisa\source\repos\CUDA\CudaRuntime1\CudaRuntime1\kernel.cu(201): warning #546-D: transfer of control bypasses initialization of:
              variable "BLOCK_SIZE" (declared at line 205)
            goto Error;
            ^
  
C:\Users\Vasilisa\source\repos\CUDA\CudaRuntime1\CudaRuntime1\md5.c(218): warning #20011-D: calling a __host__ function("fread") from a __host__ __device__ function("md5File") is not allowed
  
C:\Users\Vasilisa\source\repos\CUDA\CudaRuntime1\CudaRuntime1\kernel.cu(28): warning #20011-D: calling a __host__ function("fprintf") from a __host__ __device__ function("fprint_hash") is not allowed
  
C:\Users\Vasilisa\source\repos\CUDA\CudaRuntime1\CudaRuntime1\kernel.cu(30): warning #20011-D: calling a __host__ function("fprintf") from a __host__ __device__ function("fprint_hash") is not allowed
  
  kernel.cu
  tmpxft_00005604_00000000-7_kernel.cudafe1.cpp
  CudaRuntime1.vcxproj -> C:\Users\Vasilisa\source\repos\CUDA\CudaRuntime1\x64\Debug\CudaRuntime1.exe
