  cursse0.cpp
E:\vas_vaznoe\cursee-yap\cursse_0\cursse0\cursse0.cpp(31,22): warning C4838: Преобразование из "int" в "char" требует сужающего преобразования.
E:\vas_vaznoe\cursee-yap\cursse_0\cursse0\cursse0.cpp(31,22): warning C4305: инициализация: усечение из "int" в "char"
E:\vas_vaznoe\cursee-yap\cursse_0\cursse0\cursse0.cpp(31,22): warning C4309: инициализация: усечение константного значения
E:\vas_vaznoe\cursee-yap\cursse_0\cursse0\cursse0.cpp(31,29): warning C4838: Преобразование из "int" в "char" требует сужающего преобразования.
E:\vas_vaznoe\cursee-yap\cursse_0\cursse0\cursse0.cpp(31,29): warning C4305: инициализация: усечение из "int" в "char"
E:\vas_vaznoe\cursee-yap\cursse_0\cursse0\cursse0.cpp(31,29): warning C4309: инициализация: усечение константного значения
E:\vas_vaznoe\cursee-yap\cursse_0\cursse0\cursse0.cpp(31,37): warning C4838: Преобразование из "int" в "char" требует сужающего преобразования.
E:\vas_vaznoe\cursee-yap\cursse_0\cursse0\cursse0.cpp(31,37): warning C4305: инициализация: усечение из "int" в "char"
E:\vas_vaznoe\cursee-yap\cursse_0\cursse0\cursse0.cpp(31,37): warning C4309: инициализация: усечение константного значения
E:\vas_vaznoe\cursee-yap\cursse_0\cursse0\cursse0.cpp(31,45): warning C4838: Преобразование из "int" в "char" требует сужающего преобразования.
E:\vas_vaznoe\cursee-yap\cursse_0\cursse0\cursse0.cpp(31,45): warning C4305: инициализация: усечение из "int" в "char"
E:\vas_vaznoe\cursee-yap\cursse_0\cursse0\cursse0.cpp(31,45): warning C4309: инициализация: усечение константного значения
E:\vas_vaznoe\cursee-yap\cursse_0\cursse0\cursse0.cpp(31,53): warning C4838: Преобразование из "int" в "char" требует сужающего преобразования.
E:\vas_vaznoe\cursee-yap\cursse_0\cursse0\cursse0.cpp(31,53): warning C4305: инициализация: усечение из "int" в "char"
E:\vas_vaznoe\cursee-yap\cursse_0\cursse0\cursse0.cpp(31,53): warning C4309: инициализация: усечение константного значения
E:\vas_vaznoe\cursee-yap\cursse_0\cursse0\cursse0.cpp(31,61): warning C4838: Преобразование из "int" в "char" требует сужающего преобразования.
E:\vas_vaznoe\cursee-yap\cursse_0\cursse0\cursse0.cpp(31,61): warning C4305: инициализация: усечение из "int" в "char"
E:\vas_vaznoe\cursee-yap\cursse_0\cursse0\cursse0.cpp(31,61): warning C4309: инициализация: усечение константного значения
E:\vas_vaznoe\cursee-yap\cursse_0\cursse0\cursse0.cpp(31,69): warning C4838: Преобразование из "int" в "char" требует сужающего преобразования.
E:\vas_vaznoe\cursee-yap\cursse_0\cursse0\cursse0.cpp(31,69): warning C4305: инициализация: усечение из "int" в "char"
E:\vas_vaznoe\cursee-yap\cursse_0\cursse0\cursse0.cpp(31,69): warning C4309: инициализация: усечение константного значения
E:\vas_vaznoe\cursee-yap\cursse_0\cursse0\cursse0.cpp(31,77): warning C4838: Преобразование из "int" в "char" требует сужающего преобразования.
E:\vas_vaznoe\cursee-yap\cursse_0\cursse0\cursse0.cpp(31,77): warning C4305: инициализация: усечение из "int" в "char"
E:\vas_vaznoe\cursee-yap\cursse_0\cursse0\cursse0.cpp(31,77): warning C4309: инициализация: усечение константного значения
E:\vas_vaznoe\cursee-yap\cursse_0\cursse0\cursse0.cpp(31,85): warning C4838: Преобразование из "int" в "char" требует сужающего преобразования.
E:\vas_vaznoe\cursee-yap\cursse_0\cursse0\cursse0.cpp(31,85): warning C4305: инициализация: усечение из "int" в "char"
E:\vas_vaznoe\cursee-yap\cursse_0\cursse0\cursse0.cpp(31,85): warning C4309: инициализация: усечение константного значения
E:\vas_vaznoe\cursee-yap\cursse_0\cursse0\cursse0.cpp(31,93): warning C4838: Преобразование из "int" в "char" требует сужающего преобразования.
E:\vas_vaznoe\cursee-yap\cursse_0\cursse0\cursse0.cpp(31,93): warning C4305: инициализация: усечение из "int" в "char"
E:\vas_vaznoe\cursee-yap\cursse_0\cursse0\cursse0.cpp(31,93): warning C4309: инициализация: усечение константного значения
E:\vas_vaznoe\cursee-yap\cursse_0\cursse0\cursse0.cpp(31,102): warning C4838: Преобразование из "int" в "char" требует сужающего преобразования.
E:\vas_vaznoe\cursee-yap\cursse_0\cursse0\cursse0.cpp(31,102): warning C4305: инициализация: усечение из "int" в "char"
E:\vas_vaznoe\cursee-yap\cursse_0\cursse0\cursse0.cpp(31,102): warning C4309: инициализация: усечение константного значения
E:\vas_vaznoe\cursee-yap\cursse_0\cursse0\cursse0.cpp(31,110): warning C4838: Преобразование из "int" в "char" требует сужающего преобразования.
E:\vas_vaznoe\cursee-yap\cursse_0\cursse0\cursse0.cpp(31,110): warning C4305: инициализация: усечение из "int" в "char"
E:\vas_vaznoe\cursee-yap\cursse_0\cursse0\cursse0.cpp(31,110): warning C4309: инициализация: усечение константного значения
E:\vas_vaznoe\cursee-yap\cursse_0\cursse0\cursse0.cpp(31,118): warning C4838: Преобразование из "int" в "char" требует сужающего преобразования.
E:\vas_vaznoe\cursee-yap\cursse_0\cursse0\cursse0.cpp(31,118): warning C4305: инициализация: усечение из "int" в "char"
E:\vas_vaznoe\cursee-yap\cursse_0\cursse0\cursse0.cpp(31,118): warning C4309: инициализация: усечение константного значения
E:\vas_vaznoe\cursee-yap\cursse_0\cursse0\cursse0.cpp(31,126): warning C4838: Преобразование из "int" в "char" требует сужающего преобразования.
E:\vas_vaznoe\cursee-yap\cursse_0\cursse0\cursse0.cpp(31,126): warning C4305: инициализация: усечение из "int" в "char"
E:\vas_vaznoe\cursee-yap\cursse_0\cursse0\cursse0.cpp(31,126): warning C4309: инициализация: усечение константного значения
E:\vas_vaznoe\cursee-yap\cursse_0\cursse0\cursse0.cpp(32,1): warning C4838: Преобразование из "int" в "char" требует сужающего преобразования.
E:\vas_vaznoe\cursee-yap\cursse_0\cursse0\cursse0.cpp(32,1): warning C4305: инициализация: усечение из "int" в "char"
E:\vas_vaznoe\cursee-yap\cursse_0\cursse0\cursse0.cpp(32,1): warning C4309: инициализация: усечение константного значения
E:\vas_vaznoe\cursee-yap\cursse_0\cursse0\cursse0.cpp(32,9): warning C4838: Преобразование из "int" в "char" требует сужающего преобразования.
E:\vas_vaznoe\cursee-yap\cursse_0\cursse0\cursse0.cpp(32,9): warning C4305: инициализация: усечение из "int" в "char"
E:\vas_vaznoe\cursee-yap\cursse_0\cursse0\cursse0.cpp(32,9): warning C4309: инициализация: усечение константного значения
E:\vas_vaznoe\cursee-yap\cursse_0\cursse0\cursse0.cpp(32,17): warning C4838: Преобразование из "int" в "char" требует сужающего преобразования.
E:\vas_vaznoe\cursee-yap\cursse_0\cursse0\cursse0.cpp(32,17): warning C4305: инициализация: усечение из "int" в "char"
E:\vas_vaznoe\cursee-yap\cursse_0\cursse0\cursse0.cpp(32,17): warning C4309: инициализация: усечение константного значения
E:\vas_vaznoe\cursee-yap\cursse_0\cursse0\cursse0.cpp(32,25): warning C4838: Преобразование из "int" в "char" требует сужающего преобразования.
E:\vas_vaznoe\cursee-yap\cursse_0\cursse0\cursse0.cpp(32,25): warning C4305: инициализация: усечение из "int" в "char"
E:\vas_vaznoe\cursee-yap\cursse_0\cursse0\cursse0.cpp(32,25): warning C4309: инициализация: усечение константного значения
E:\vas_vaznoe\cursee-yap\cursse_0\cursse0\cursse0.cpp(32,33): warning C4838: Преобразование из "int" в "char" требует сужающего преобразования.
E:\vas_vaznoe\cursee-yap\cursse_0\cursse0\cursse0.cpp(32,33): warning C4305: инициализация: усечение из "int" в "char"
E:\vas_vaznoe\cursee-yap\cursse_0\cursse0\cursse0.cpp(32,33): warning C4309: инициализация: усечение константного значения
E:\vas_vaznoe\cursee-yap\cursse_0\cursse0\cursse0.cpp(32,42): warning C4838: Преобразование из "int" в "char" требует сужающего преобразования.
E:\vas_vaznoe\cursee-yap\cursse_0\cursse0\cursse0.cpp(32,42): warning C4305: инициализация: усечение из "int" в "char"
E:\vas_vaznoe\cursee-yap\cursse_0\cursse0\cursse0.cpp(32,42): warning C4309: инициализация: усечение константного значения
E:\vas_vaznoe\cursee-yap\cursse_0\cursse0\cursse0.cpp(32,50): warning C4838: Преобразование из "int" в "char" требует сужающего преобразования.
E:\vas_vaznoe\cursee-yap\cursse_0\cursse0\cursse0.cpp(32,50): warning C4305: инициализация: усечение из "int" в "char"
E:\vas_vaznoe\cursee-yap\cursse_0\cursse0\cursse0.cpp(32,50): warning C4309: инициализация: усечение константного значения
E:\vas_vaznoe\cursee-yap\cursse_0\cursse0\cursse0.cpp(32,59): warning C4838: Преобразование из "int" в "char" требует сужающего преобразования.
E:\vas_vaznoe\cursee-yap\cursse_0\cursse0\cursse0.cpp(32,59): warning C4305: инициализация: усечение из "int" в "char"
E:\vas_vaznoe\cursee-yap\cursse_0\cursse0\cursse0.cpp(32,59): warning C4309: инициализация: усечение константного значения
E:\vas_vaznoe\cursee-yap\cursse_0\cursse0\cursse0.cpp(32,68): warning C4838: Преобразование из "int" в "char" требует сужающего преобразования.
E:\vas_vaznoe\cursee-yap\cursse_0\cursse0\cursse0.cpp(32,68): warning C4305: инициализация: усечение из "int" в "char"
E:\vas_vaznoe\cursee-yap\cursse_0\cursse0\cursse0.cpp(32,68): warning C4309: инициализация: усечение константного значения
E:\vas_vaznoe\cursee-yap\cursse_0\cursse0\cursse0.cpp(32,77): warning C4838: Преобразование из "int" в "char" требует сужающего преобразования.
E:\vas_vaznoe\cursee-yap\cursse_0\cursse0\cursse0.cpp(32,77): warning C4305: инициализация: усечение из "int" в "char"
E:\vas_vaznoe\cursee-yap\cursse_0\cursse0\cursse0.cpp(32,77): warning C4309: инициализация: усечение константного значения
E:\vas_vaznoe\cursee-yap\cursse_0\cursse0\cursse0.cpp(32,86): warning C4838: Преобразование из "int" в "char" требует сужающего преобразования.
E:\vas_vaznoe\cursee-yap\cursse_0\cursse0\cursse0.cpp(32,86): warning C4305: инициализация: усечение из "int" в "char"
E:\vas_vaznoe\cursee-yap\cursse_0\cursse0\cursse0.cpp(32,86): warning C4309: инициализация: усечение константного значения
E:\vas_vaznoe\cursee-yap\cursse_0\cursse0\cursse0.cpp(32,95): warning C4838: Преобразование из "int" в "char" требует сужающего преобразования.
E:\vas_vaznoe\cursee-yap\cursse_0\cursse0\cursse0.cpp(32,95): warning C4305: инициализация: усечение из "int" в "char"
E:\vas_vaznoe\cursee-yap\cursse_0\cursse0\cursse0.cpp(32,95): warning C4309: инициализация: усечение константного значения
E:\vas_vaznoe\cursee-yap\cursse_0\cursse0\cursse0.cpp(32,104): warning C4838: Преобразование из "int" в "char" требует сужающего преобразования.
E:\vas_vaznoe\cursee-yap\cursse_0\cursse0\cursse0.cpp(32,104): warning C4305: инициализация: усечение из "int" в "char"
E:\vas_vaznoe\cursee-yap\cursse_0\cursse0\cursse0.cpp(32,104): warning C4309: инициализация: усечение константного значения
E:\vas_vaznoe\cursee-yap\cursse_0\cursse0\cursse0.cpp(32,112): warning C4838: Преобразование из "int" в "char" требует сужающего преобразования.
E:\vas_vaznoe\cursee-yap\cursse_0\cursse0\cursse0.cpp(32,112): warning C4305: инициализация: усечение из "int" в "char"
E:\vas_vaznoe\cursee-yap\cursse_0\cursse0\cursse0.cpp(32,112): warning C4309: инициализация: усечение константного значения
E:\vas_vaznoe\cursee-yap\cursse_0\cursse0\cursse0.cpp(32,121): warning C4838: Преобразование из "int" в "char" требует сужающего преобразования.
E:\vas_vaznoe\cursee-yap\cursse_0\cursse0\cursse0.cpp(32,121): warning C4305: инициализация: усечение из "int" в "char"
E:\vas_vaznoe\cursee-yap\cursse_0\cursse0\cursse0.cpp(32,121): warning C4309: инициализация: усечение константного значения
E:\vas_vaznoe\cursee-yap\cursse_0\cursse0\cursse0.cpp(32,129): warning C4838: Преобразование из "int" в "char" требует сужающего преобразования.
E:\vas_vaznoe\cursee-yap\cursse_0\cursse0\cursse0.cpp(32,129): warning C4305: инициализация: усечение из "int" в "char"
E:\vas_vaznoe\cursee-yap\cursse_0\cursse0\cursse0.cpp(32,129): warning C4309: инициализация: усечение константного значения
E:\vas_vaznoe\cursee-yap\cursse_0\cursse0\cursse0.cpp(32,137): warning C4838: Преобразование из "int" в "char" требует сужающего преобразования.
E:\vas_vaznoe\cursee-yap\cursse_0\cursse0\cursse0.cpp(32,137): warning C4305: инициализация: усечение из "int" в "char"
E:\vas_vaznoe\cursee-yap\cursse_0\cursse0\cursse0.cpp(32,137): warning C4309: инициализация: усечение константного значения
E:\vas_vaznoe\cursee-yap\cursse_0\cursse0\cursse0.cpp(32,145): warning C4838: Преобразование из "int" в "char" требует сужающего преобразования.
E:\vas_vaznoe\cursee-yap\cursse_0\cursse0\cursse0.cpp(32,145): warning C4305: инициализация: усечение из "int" в "char"
E:\vas_vaznoe\cursee-yap\cursse_0\cursse0\cursse0.cpp(32,145): warning C4309: инициализация: усечение константного значения
E:\vas_vaznoe\cursee-yap\cursse_0\cursse0\cursse0.cpp(33,24): warning C4838: Преобразование из "int" в "char" требует сужающего преобразования.
E:\vas_vaznoe\cursee-yap\cursse_0\cursse0\cursse0.cpp(33,24): warning C4305: инициализация: усечение из "int" в "char"
E:\vas_vaznoe\cursee-yap\cursse_0\cursse0\cursse0.cpp(33,24): warning C4309: инициализация: усечение константного значения
E:\vas_vaznoe\cursee-yap\cursse_0\cursse0\cursse0.cpp(33,31): warning C4838: Преобразование из "int" в "char" требует сужающего преобразования.
E:\vas_vaznoe\cursee-yap\cursse_0\cursse0\cursse0.cpp(33,31): warning C4305: инициализация: усечение из "int" в "char"
E:\vas_vaznoe\cursee-yap\cursse_0\cursse0\cursse0.cpp(33,31): warning C4309: инициализация: усечение константного значения
E:\vas_vaznoe\cursee-yap\cursse_0\cursse0\cursse0.cpp(33,38): warning C4838: Преобразование из "int" в "char" требует сужающего преобразования.
E:\vas_vaznoe\cursee-yap\cursse_0\cursse0\cursse0.cpp(33,38): warning C4305: инициализация: усечение из "int" в "char"
E:\vas_vaznoe\cursee-yap\cursse_0\cursse0\cursse0.cpp(33,38): warning C4309: инициализация: усечение константного значения
E:\vas_vaznoe\cursee-yap\cursse_0\cursse0\cursse0.cpp(33,45): warning C4838: Преобразование из "int" в "char" требует сужающего преобразования.
E:\vas_vaznoe\cursee-yap\cursse_0\cursse0\cursse0.cpp(33,45): warning C4305: инициализация: усечение из "int" в "char"
E:\vas_vaznoe\cursee-yap\cursse_0\cursse0\cursse0.cpp(33,45): warning C4309: инициализация: усечение константного значения
E:\vas_vaznoe\cursee-yap\cursse_0\cursse0\cursse0.cpp(33,52): warning C4838: Преобразование из "int" в "char" требует сужающего преобразования.
E:\vas_vaznoe\cursee-yap\cursse_0\cursse0\cursse0.cpp(33,52): warning C4305: инициализация: усечение из "int" в "char"
E:\vas_vaznoe\cursee-yap\cursse_0\cursse0\cursse0.cpp(33,52): warning C4309: инициализация: усечение константного значения
E:\vas_vaznoe\cursee-yap\cursse_0\cursse0\cursse0.cpp(33,59): warning C4838: Преобразование из "int" в "char" требует сужающего преобразования.
E:\vas_vaznoe\cursee-yap\cursse_0\cursse0\cursse0.cpp(33,59): warning C4305: инициализация: усечение из "int" в "char"
E:\vas_vaznoe\cursee-yap\cursse_0\cursse0\cursse0.cpp(33,59): warning C4309: инициализация: усечение константного значения
E:\vas_vaznoe\cursee-yap\cursse_0\cursse0\cursse0.cpp(33,66): warning C4838: Преобразование из "int" в "char" требует сужающего преобразования.
E:\vas_vaznoe\cursee-yap\cursse_0\cursse0\cursse0.cpp(33,66): warning C4305: инициализация: усечение из "int" в "char"
E:\vas_vaznoe\cursee-yap\cursse_0\cursse0\cursse0.cpp(33,66): warning C4309: инициализация: усечение константного значения
E:\vas_vaznoe\cursee-yap\cursse_0\cursse0\cursse0.cpp(33,73): warning C4838: Преобразование из "int" в "char" требует сужающего преобразования.
E:\vas_vaznoe\cursee-yap\cursse_0\cursse0\cursse0.cpp(33,73): warning C4305: инициализация: усечение из "int" в "char"
E:\vas_vaznoe\cursee-yap\cursse_0\cursse0\cursse0.cpp(33,73): warning C4309: инициализация: усечение константного значения
E:\vas_vaznoe\cursee-yap\cursse_0\cursse0\cursse0.cpp(33,80): warning C4838: Преобразование из "int" в "char" требует сужающего преобразования.
E:\vas_vaznoe\cursee-yap\cursse_0\cursse0\cursse0.cpp(33,80): warning C4305: инициализация: усечение из "int" в "char"
E:\vas_vaznoe\cursee-yap\cursse_0\cursse0\cursse0.cpp(33,80): warning C4309: инициализация: усечение константного значения
E:\vas_vaznoe\cursee-yap\cursse_0\cursse0\cursse0.cpp(33,87): warning C4838: Преобразование из "int" в "char" требует сужающего преобразования.
E:\vas_vaznoe\cursee-yap\cursse_0\cursse0\cursse0.cpp(33,87): warning C4305: инициализация: усечение из "int" в "char"
E:\vas_vaznoe\cursee-yap\cursse_0\cursse0\cursse0.cpp(33,87): warning C4309: инициализация: усечение константного значения
E:\vas_vaznoe\cursee-yap\cursse_0\cursse0\cursse0.cpp(33,95): warning C4838: Преобразование из "int" в "char" требует сужающего преобразования.
E:\vas_vaznoe\cursee-yap\cursse_0\cursse0\cursse0.cpp(33,95): warning C4305: инициализация: усечение из "int" в "char"
E:\vas_vaznoe\cursee-yap\cursse_0\cursse0\cursse0.cpp(33,95): warning C4309: инициализация: усечение константного значения
E:\vas_vaznoe\cursee-yap\cursse_0\cursse0\cursse0.cpp(33,102): warning C4838: Преобразование из "int" в "char" требует сужающего преобразования.
E:\vas_vaznoe\cursee-yap\cursse_0\cursse0\cursse0.cpp(33,102): warning C4305: инициализация: усечение из "int" в "char"
E:\vas_vaznoe\cursee-yap\cursse_0\cursse0\cursse0.cpp(33,102): warning C4309: инициализация: усечение константного значения
E:\vas_vaznoe\cursee-yap\cursse_0\cursse0\cursse0.cpp(33,109): warning C4838: Преобразование из "int" в "char" требует сужающего преобразования.
E:\vas_vaznoe\cursee-yap\cursse_0\cursse0\cursse0.cpp(33,109): warning C4305: инициализация: усечение из "int" в "char"
E:\vas_vaznoe\cursee-yap\cursse_0\cursse0\cursse0.cpp(33,109): warning C4309: инициализация: усечение константного значения
E:\vas_vaznoe\cursee-yap\cursse_0\cursse0\cursse0.cpp(33,116): warning C4838: Преобразование из "int" в "char" требует сужающего преобразования.
E:\vas_vaznoe\cursee-yap\cursse_0\cursse0\cursse0.cpp(33,116): warning C4305: инициализация: усечение из "int" в "char"
E:\vas_vaznoe\cursee-yap\cursse_0\cursse0\cursse0.cpp(33,116): warning C4309: инициализация: усечение константного значения
E:\vas_vaznoe\cursee-yap\cursse_0\cursse0\cursse0.cpp(33,124): warning C4838: Преобразование из "int" в "char" требует сужающего преобразования.
E:\vas_vaznoe\cursee-yap\cursse_0\cursse0\cursse0.cpp(33,124): warning C4305: инициализация: усечение из "int" в "char"
E:\vas_vaznoe\cursee-yap\cursse_0\cursse0\cursse0.cpp(33,124): warning C4309: инициализация: усечение константного значения
E:\vas_vaznoe\cursee-yap\cursse_0\cursse0\cursse0.cpp(33,131): warning C4838: Преобразование из "int" в "char" требует сужающего преобразования.
E:\vas_vaznoe\cursee-yap\cursse_0\cursse0\cursse0.cpp(33,131): warning C4305: инициализация: усечение из "int" в "char"
E:\vas_vaznoe\cursee-yap\cursse_0\cursse0\cursse0.cpp(33,131): warning C4309: инициализация: усечение константного значения
E:\vas_vaznoe\cursee-yap\cursse_0\cursse0\cursse0.cpp(33,138): warning C4838: Преобразование из "int" в "char" требует сужающего преобразования.
E:\vas_vaznoe\cursee-yap\cursse_0\cursse0\cursse0.cpp(33,138): warning C4305: инициализация: усечение из "int" в "char"
E:\vas_vaznoe\cursee-yap\cursse_0\cursse0\cursse0.cpp(33,138): warning C4309: инициализация: усечение константного значения
E:\vas_vaznoe\cursee-yap\cursse_0\cursse0\cursse0.cpp(33,145): warning C4838: Преобразование из "int" в "char" требует сужающего преобразования.
E:\vas_vaznoe\cursee-yap\cursse_0\cursse0\cursse0.cpp(33,145): warning C4305: инициализация: усечение из "int" в "char"
E:\vas_vaznoe\cursee-yap\cursse_0\cursse0\cursse0.cpp(33,145): warning C4309: инициализация: усечение константного значения
E:\vas_vaznoe\cursee-yap\cursse_0\cursse0\cursse0.cpp(33,152): warning C4838: Преобразование из "int" в "char" требует сужающего преобразования.
E:\vas_vaznoe\cursee-yap\cursse_0\cursse0\cursse0.cpp(33,152): warning C4305: инициализация: усечение из "int" в "char"
E:\vas_vaznoe\cursee-yap\cursse_0\cursse0\cursse0.cpp(33,152): warning C4309: инициализация: усечение константного значения
E:\vas_vaznoe\cursee-yap\cursse_0\cursse0\cursse0.cpp(33,160): warning C4838: Преобразование из "int" в "char" требует сужающего преобразования.
E:\vas_vaznoe\cursee-yap\cursse_0\cursse0\cursse0.cpp(33,160): warning C4305: инициализация: усечение из "int" в "char"
E:\vas_vaznoe\cursee-yap\cursse_0\cursse0\cursse0.cpp(33,160): warning C4309: инициализация: усечение константного значения
E:\vas_vaznoe\cursee-yap\cursse_0\cursse0\cursse0.cpp(33,168): warning C4838: Преобразование из "int" в "char" требует сужающего преобразования.
E:\vas_vaznoe\cursee-yap\cursse_0\cursse0\cursse0.cpp(33,168): warning C4305: инициализация: усечение из "int" в "char"
E:\vas_vaznoe\cursee-yap\cursse_0\cursse0\cursse0.cpp(33,168): warning C4309: инициализация: усечение константного значения
E:\vas_vaznoe\cursee-yap\cursse_0\cursse0\cursse0.cpp(33,175): warning C4838: Преобразование из "int" в "char" требует сужающего преобразования.
E:\vas_vaznoe\cursee-yap\cursse_0\cursse0\cursse0.cpp(33,175): warning C4305: инициализация: усечение из "int" в "char"
E:\vas_vaznoe\cursee-yap\cursse_0\cursse0\cursse0.cpp(33,175): warning C4309: инициализация: усечение константного значения
E:\vas_vaznoe\cursee-yap\cursse_0\cursse0\cursse0.cpp(33,182): warning C4838: Преобразование из "int" в "char" требует сужающего преобразования.
E:\vas_vaznoe\cursee-yap\cursse_0\cursse0\cursse0.cpp(33,182): warning C4305: инициализация: усечение из "int" в "char"
E:\vas_vaznoe\cursee-yap\cursse_0\cursse0\cursse0.cpp(33,182): warning C4309: инициализация: усечение константного значения
E:\vas_vaznoe\cursee-yap\cursse_0\cursse0\cursse0.cpp(33,189): warning C4838: Преобразование из "int" в "char" требует сужающего преобразования.
E:\vas_vaznoe\cursee-yap\cursse_0\cursse0\cursse0.cpp(33,189): warning C4305: инициализация: усечение из "int" в "char"
E:\vas_vaznoe\cursee-yap\cursse_0\cursse0\cursse0.cpp(33,189): warning C4309: инициализация: усечение константного значения
E:\vas_vaznoe\cursee-yap\cursse_0\cursse0\cursse0.cpp(33,196): warning C4838: Преобразование из "int" в "char" требует сужающего преобразования.
E:\vas_vaznoe\cursee-yap\cursse_0\cursse0\cursse0.cpp(33,196): warning C4305: инициализация: усечение из "int" в "char"
E:\vas_vaznoe\cursee-yap\cursse_0\cursse0\cursse0.cpp(33,196): warning C4309: инициализация: усечение константного значения
E:\vas_vaznoe\cursee-yap\cursse_0\cursse0\cursse0.cpp(33,203): warning C4838: Преобразование из "int" в "char" требует сужающего преобразования.
E:\vas_vaznoe\cursee-yap\cursse_0\cursse0\cursse0.cpp(33,203): warning C4305: инициализация: усечение из "int" в "char"
E:\vas_vaznoe\cursee-yap\cursse_0\cursse0\cursse0.cpp(33,203): warning C4309: инициализация: усечение константного значения
E:\vas_vaznoe\cursee-yap\cursse_0\cursse0\cursse0.cpp(33,210): warning C4838: Преобразование из "int" в "char" требует сужающего преобразования.
E:\vas_vaznoe\cursee-yap\cursse_0\cursse0\cursse0.cpp(33,210): warning C4305: инициализация: усечение из "int" в "char"
E:\vas_vaznoe\cursee-yap\cursse_0\cursse0\cursse0.cpp(33,210): warning C4309: инициализация: усечение константного значения
E:\vas_vaznoe\cursee-yap\cursse_0\cursse0\cursse0.cpp(33,217): warning C4838: Преобразование из "int" в "char" требует сужающего преобразования.
E:\vas_vaznoe\cursee-yap\cursse_0\cursse0\cursse0.cpp(33,217): warning C4305: инициализация: усечение из "int" в "char"
E:\vas_vaznoe\cursee-yap\cursse_0\cursse0\cursse0.cpp(33,217): warning C4309: инициализация: усечение константного значения
E:\vas_vaznoe\cursee-yap\cursse_0\cursse0\cursse0.cpp(33,224): warning C4838: Преобразование из "int" в "char" требует сужающего преобразования.
E:\vas_vaznoe\cursee-yap\cursse_0\cursse0\cursse0.cpp(33,224): warning C4305: инициализация: усечение из "int" в "char"
E:\vas_vaznoe\cursee-yap\cursse_0\cursse0\cursse0.cpp(33,224): warning C4309: инициализация: усечение константного значения
E:\vas_vaznoe\cursee-yap\cursse_0\cursse0\cursse0.cpp(34,1): warning C4838: Преобразование из "int" в "char" требует сужающего преобразования.
E:\vas_vaznoe\cursee-yap\cursse_0\cursse0\cursse0.cpp(34,1): warning C4305: инициализация: усечение из "int" в "char"
E:\vas_vaznoe\cursee-yap\cursse_0\cursse0\cursse0.cpp(34,1): warning C4309: инициализация: усечение константного значения
E:\vas_vaznoe\cursee-yap\cursse_0\cursse0\cursse0.cpp(34,9): warning C4838: Преобразование из "int" в "char" требует сужающего преобразования.
E:\vas_vaznoe\cursee-yap\cursse_0\cursse0\cursse0.cpp(34,9): warning C4305: инициализация: усечение из "int" в "char"
E:\vas_vaznoe\cursee-yap\cursse_0\cursse0\cursse0.cpp(34,9): warning C4309: инициализация: усечение константного значения
E:\vas_vaznoe\cursee-yap\cursse_0\cursse0\cursse0.cpp(34,17): warning C4838: Преобразование из "int" в "char" требует сужающего преобразования.
E:\vas_vaznoe\cursee-yap\cursse_0\cursse0\cursse0.cpp(34,17): warning C4305: инициализация: усечение из "int" в "char"
E:\vas_vaznoe\cursee-yap\cursse_0\cursse0\cursse0.cpp(34,17): warning C4309: инициализация: усечение константного значения
E:\vas_vaznoe\cursee-yap\cursse_0\cursse0\cursse0.cpp(34,25): warning C4838: Преобразование из "int" в "char" требует сужающего преобразования.
E:\vas_vaznoe\cursee-yap\cursse_0\cursse0\cursse0.cpp(34,25): warning C4305: инициализация: усечение из "int" в "char"
E:\vas_vaznoe\cursee-yap\cursse_0\cursse0\cursse0.cpp(34,25): warning C4309: инициализация: усечение константного значения
E:\vas_vaznoe\cursee-yap\cursse_0\cursse0\cursse0.cpp(34,32): warning C4838: Преобразование из "int" в "char" требует сужающего преобразования.
E:\vas_vaznoe\cursee-yap\cursse_0\cursse0\cursse0.cpp(34,32): warning C4305: инициализация: усечение из "int" в "char"
E:\vas_vaznoe\cursee-yap\cursse_0\cursse0\cursse0.cpp(34,32): warning C4309: инициализация: усечение константного значения
E:\vas_vaznoe\cursee-yap\cursse_0\cursse0\cursse0.cpp(34,39): warning C4838: Преобразование из "int" в "char" требует сужающего преобразования.
E:\vas_vaznoe\cursee-yap\cursse_0\cursse0\cursse0.cpp(34,39): warning C4305: инициализация: усечение из "int" в "char"
E:\vas_vaznoe\cursee-yap\cursse_0\cursse0\cursse0.cpp(34,39): warning C4309: инициализация: усечение константного значения
E:\vas_vaznoe\cursee-yap\cursse_0\cursse0\cursse0.cpp(34,46): warning C4838: Преобразование из "int" в "char" требует сужающего преобразования.
E:\vas_vaznoe\cursee-yap\cursse_0\cursse0\cursse0.cpp(34,46): warning C4305: инициализация: усечение из "int" в "char"
E:\vas_vaznoe\cursee-yap\cursse_0\cursse0\cursse0.cpp(34,46): warning C4309: инициализация: усечение константного значения
E:\vas_vaznoe\cursee-yap\cursse_0\cursse0\cursse0.cpp(34,53): warning C4838: Преобразование из "int" в "char" требует сужающего преобразования.
E:\vas_vaznoe\cursee-yap\cursse_0\cursse0\cursse0.cpp(34,53): warning C4305: инициализация: усечение из "int" в "char"
E:\vas_vaznoe\cursee-yap\cursse_0\cursse0\cursse0.cpp(34,53): warning C4309: инициализация: усечение константного значения
E:\vas_vaznoe\cursee-yap\cursse_0\cursse0\cursse0.cpp(34,60): warning C4838: Преобразование из "int" в "char" требует сужающего преобразования.
E:\vas_vaznoe\cursee-yap\cursse_0\cursse0\cursse0.cpp(34,60): warning C4305: инициализация: усечение из "int" в "char"
E:\vas_vaznoe\cursee-yap\cursse_0\cursse0\cursse0.cpp(34,60): warning C4309: инициализация: усечение константного значения
E:\vas_vaznoe\cursee-yap\cursse_0\cursse0\cursse0.cpp(34,68): warning C4838: Преобразование из "int" в "char" требует сужающего преобразования.
E:\vas_vaznoe\cursee-yap\cursse_0\cursse0\cursse0.cpp(34,68): warning C4305: инициализация: усечение из "int" в "char"
E:\vas_vaznoe\cursee-yap\cursse_0\cursse0\cursse0.cpp(34,68): warning C4309: инициализация: усечение константного значения
E:\vas_vaznoe\cursee-yap\cursse_0\cursse0\cursse0.cpp(34,77): warning C4838: Преобразование из "int" в "char" требует сужающего преобразования.
E:\vas_vaznoe\cursee-yap\cursse_0\cursse0\cursse0.cpp(34,77): warning C4305: инициализация: усечение из "int" в "char"
E:\vas_vaznoe\cursee-yap\cursse_0\cursse0\cursse0.cpp(34,77): warning C4309: инициализация: усечение константного значения
E:\vas_vaznoe\cursee-yap\cursse_0\cursse0\cursse0.cpp(34,85): warning C4838: Преобразование из "int" в "char" требует сужающего преобразования.
E:\vas_vaznoe\cursee-yap\cursse_0\cursse0\cursse0.cpp(34,85): warning C4305: инициализация: усечение из "int" в "char"
E:\vas_vaznoe\cursee-yap\cursse_0\cursse0\cursse0.cpp(34,85): warning C4309: инициализация: усечение константного значения
E:\vas_vaznoe\cursee-yap\cursse_0\cursse0\cursse0.cpp(34,93): warning C4838: Преобразование из "int" в "char" требует сужающего преобразования.
E:\vas_vaznoe\cursee-yap\cursse_0\cursse0\cursse0.cpp(34,93): warning C4305: инициализация: усечение из "int" в "char"
E:\vas_vaznoe\cursee-yap\cursse_0\cursse0\cursse0.cpp(34,93): warning C4309: инициализация: усечение константного значения
E:\vas_vaznoe\cursee-yap\cursse_0\cursse0\cursse0.cpp(34,101): warning C4838: Преобразование из "int" в "char" требует сужающего преобразования.
E:\vas_vaznoe\cursee-yap\cursse_0\cursse0\cursse0.cpp(34,101): warning C4305: инициализация: усечение из "int" в "char"
E:\vas_vaznoe\cursee-yap\cursse_0\cursse0\cursse0.cpp(34,101): warning C4309: инициализация: усечение константного значения
E:\vas_vaznoe\cursee-yap\cursse_0\cursse0\cursse0.cpp(34,109): warning C4838: Преобразование из "int" в "char" требует сужающего преобразования.
E:\vas_vaznoe\cursee-yap\cursse_0\cursse0\cursse0.cpp(34,109): warning C4305: инициализация: усечение из "int" в "char"
E:\vas_vaznoe\cursee-yap\cursse_0\cursse0\cursse0.cpp(34,109): warning C4309: инициализация: усечение константного значения
E:\vas_vaznoe\cursee-yap\cursse_0\cursse0\cursse0.cpp(34,117): warning C4838: Преобразование из "int" в "char" требует сужающего преобразования.
E:\vas_vaznoe\cursee-yap\cursse_0\cursse0\cursse0.cpp(34,117): warning C4305: инициализация: усечение из "int" в "char"
E:\vas_vaznoe\cursee-yap\cursse_0\cursse0\cursse0.cpp(34,117): warning C4309: инициализация: усечение константного значения
E:\vas_vaznoe\cursee-yap\cursse_0\cursse0\cursse0.cpp(34,125): warning C4838: Преобразование из "int" в "char" требует сужающего преобразования.
E:\vas_vaznoe\cursee-yap\cursse_0\cursse0\cursse0.cpp(34,125): warning C4305: инициализация: усечение из "int" в "char"
E:\vas_vaznoe\cursee-yap\cursse_0\cursse0\cursse0.cpp(34,125): warning C4309: инициализация: усечение константного значения
E:\vas_vaznoe\cursee-yap\cursse_0\cursse0\cursse0.cpp(34,133): warning C4838: Преобразование из "int" в "char" требует сужающего преобразования.
E:\vas_vaznoe\cursee-yap\cursse_0\cursse0\cursse0.cpp(34,133): warning C4305: инициализация: усечение из "int" в "char"
E:\vas_vaznoe\cursee-yap\cursse_0\cursse0\cursse0.cpp(34,133): warning C4309: инициализация: усечение константного значения
E:\vas_vaznoe\cursee-yap\cursse_0\cursse0\cursse0.cpp(34,141): warning C4838: Преобразование из "int" в "char" требует сужающего преобразования.
E:\vas_vaznoe\cursee-yap\cursse_0\cursse0\cursse0.cpp(34,141): warning C4305: инициализация: усечение из "int" в "char"
E:\vas_vaznoe\cursee-yap\cursse_0\cursse0\cursse0.cpp(34,141): warning C4309: инициализация: усечение константного значения
E:\vas_vaznoe\cursee-yap\cursse_0\cursse0\cursse0.cpp(34,148): warning C4838: Преобразование из "int" в "char" требует сужающего преобразования.
E:\vas_vaznoe\cursee-yap\cursse_0\cursse0\cursse0.cpp(34,148): warning C4305: инициализация: усечение из "int" в "char"
E:\vas_vaznoe\cursee-yap\cursse_0\cursse0\cursse0.cpp(34,148): warning C4309: инициализация: усечение константного значения
E:\vas_vaznoe\cursee-yap\cursse_0\cursse0\cursse0.cpp(34,155): warning C4838: Преобразование из "int" в "char" требует сужающего преобразования.
E:\vas_vaznoe\cursee-yap\cursse_0\cursse0\cursse0.cpp(34,155): warning C4305: инициализация: усечение из "int" в "char"
E:\vas_vaznoe\cursee-yap\cursse_0\cursse0\cursse0.cpp(34,155): warning C4309: инициализация: усечение константного значения
E:\vas_vaznoe\cursee-yap\cursse_0\cursse0\cursse0.cpp(34,163): warning C4838: Преобразование из "int" в "char" требует сужающего преобразования.
E:\vas_vaznoe\cursee-yap\cursse_0\cursse0\cursse0.cpp(34,163): warning C4305: инициализация: усечение из "int" в "char"
E:\vas_vaznoe\cursee-yap\cursse_0\cursse0\cursse0.cpp(34,163): warning C4309: инициализация: усечение константного значения
E:\vas_vaznoe\cursee-yap\cursse_0\cursse0\cursse0.cpp(34,171): warning C4838: Преобразование из "int" в "char" требует сужающего преобразования.
E:\vas_vaznoe\cursee-yap\cursse_0\cursse0\cursse0.cpp(34,171): warning C4305: инициализация: усечение из "int" в "char"
E:\vas_vaznoe\cursee-yap\cursse_0\cursse0\cursse0.cpp(34,171): warning C4309: инициализация: усечение константного значения
E:\vas_vaznoe\cursee-yap\cursse_0\cursse0\cursse0.cpp(34,179): warning C4838: Преобразование из "int" в "char" требует сужающего преобразования.
E:\vas_vaznoe\cursee-yap\cursse_0\cursse0\cursse0.cpp(34,179): warning C4305: инициализация: усечение из "int" в "char"
E:\vas_vaznoe\cursee-yap\cursse_0\cursse0\cursse0.cpp(34,179): warning C4309: инициализация: усечение константного значения
E:\vas_vaznoe\cursee-yap\cursse_0\cursse0\cursse0.cpp(34,187): warning C4838: Преобразование из "int" в "char" требует сужающего преобразования.
E:\vas_vaznoe\cursee-yap\cursse_0\cursse0\cursse0.cpp(34,187): warning C4305: инициализация: усечение из "int" в "char"
E:\vas_vaznoe\cursee-yap\cursse_0\cursse0\cursse0.cpp(34,187): warning C4309: инициализация: усечение константного значения
E:\vas_vaznoe\cursee-yap\cursse_0\cursse0\cursse0.cpp(34,195): warning C4838: Преобразование из "int" в "char" требует сужающего преобразования.
E:\vas_vaznoe\cursee-yap\cursse_0\cursse0\cursse0.cpp(34,195): warning C4305: инициализация: усечение из "int" в "char"
E:\vas_vaznoe\cursee-yap\cursse_0\cursse0\cursse0.cpp(34,195): warning C4309: инициализация: усечение константного значения
E:\vas_vaznoe\cursee-yap\cursse_0\cursse0\cursse0.cpp(35,1): warning C4838: Преобразование из "int" в "char" требует сужающего преобразования.
E:\vas_vaznoe\cursee-yap\cursse_0\cursse0\cursse0.cpp(35,1): warning C4305: инициализация: усечение из "int" в "char"
E:\vas_vaznoe\cursee-yap\cursse_0\cursse0\cursse0.cpp(35,1): warning C4309: инициализация: усечение константного значения
E:\vas_vaznoe\cursee-yap\cursse_0\cursse0\cursse0.cpp(35,8): warning C4838: Преобразование из "int" в "char" требует сужающего преобразования.
E:\vas_vaznoe\cursee-yap\cursse_0\cursse0\cursse0.cpp(35,8): warning C4305: инициализация: усечение из "int" в "char"
E:\vas_vaznoe\cursee-yap\cursse_0\cursse0\cursse0.cpp(35,8): warning C4309: инициализация: усечение константного значения
E:\vas_vaznoe\cursee-yap\cursse_0\cursse0\cursse0.cpp(35,15): warning C4838: Преобразование из "int" в "char" требует сужающего преобразования.
E:\vas_vaznoe\cursee-yap\cursse_0\cursse0\cursse0.cpp(35,15): warning C4305: инициализация: усечение из "int" в "char"
E:\vas_vaznoe\cursee-yap\cursse_0\cursse0\cursse0.cpp(35,15): warning C4309: инициализация: усечение константного значения
E:\vas_vaznoe\cursee-yap\cursse_0\cursse0\cursse0.cpp(35,22): warning C4838: Преобразование из "int" в "char" требует сужающего преобразования.
E:\vas_vaznoe\cursee-yap\cursse_0\cursse0\cursse0.cpp(35,22): warning C4305: инициализация: усечение из "int" в "char"
E:\vas_vaznoe\cursee-yap\cursse_0\cursse0\cursse0.cpp(35,22): warning C4309: инициализация: усечение константного значения
E:\vas_vaznoe\cursee-yap\cursse_0\cursse0\cursse0.cpp(35,29): warning C4838: Преобразование из "int" в "char" требует сужающего преобразования.
E:\vas_vaznoe\cursee-yap\cursse_0\cursse0\cursse0.cpp(35,29): warning C4305: инициализация: усечение из "int" в "char"
E:\vas_vaznoe\cursee-yap\cursse_0\cursse0\cursse0.cpp(35,29): warning C4309: инициализация: усечение константного значения
E:\vas_vaznoe\cursee-yap\cursse_0\cursse0\cursse0.cpp(35,36): warning C4838: Преобразование из "int" в "char" требует сужающего преобразования.
E:\vas_vaznoe\cursee-yap\cursse_0\cursse0\cursse0.cpp(35,36): warning C4305: инициализация: усечение из "int" в "char"
E:\vas_vaznoe\cursee-yap\cursse_0\cursse0\cursse0.cpp(35,36): warning C4309: инициализация: усечение константного значения
E:\vas_vaznoe\cursee-yap\cursse_0\cursse0\cursse0.cpp(35,43): warning C4838: Преобразование из "int" в "char" требует сужающего преобразования.
E:\vas_vaznoe\cursee-yap\cursse_0\cursse0\cursse0.cpp(35,43): warning C4305: инициализация: усечение из "int" в "char"
E:\vas_vaznoe\cursee-yap\cursse_0\cursse0\cursse0.cpp(35,43): warning C4309: инициализация: усечение константного значения
E:\vas_vaznoe\cursee-yap\cursse_0\cursse0\cursse0.cpp(35,50): warning C4838: Преобразование из "int" в "char" требует сужающего преобразования.
E:\vas_vaznoe\cursee-yap\cursse_0\cursse0\cursse0.cpp(35,50): warning C4305: инициализация: усечение из "int" в "char"
E:\vas_vaznoe\cursee-yap\cursse_0\cursse0\cursse0.cpp(35,50): warning C4309: инициализация: усечение константного значения
E:\vas_vaznoe\cursee-yap\cursse_0\cursse0\cursse0.cpp(35,57): warning C4838: Преобразование из "int" в "char" требует сужающего преобразования.
E:\vas_vaznoe\cursee-yap\cursse_0\cursse0\cursse0.cpp(35,57): warning C4305: инициализация: усечение из "int" в "char"
E:\vas_vaznoe\cursee-yap\cursse_0\cursse0\cursse0.cpp(35,57): warning C4309: инициализация: усечение константного значения
E:\vas_vaznoe\cursee-yap\cursse_0\cursse0\cursse0.cpp(35,64): warning C4838: Преобразование из "int" в "char" требует сужающего преобразования.
E:\vas_vaznoe\cursee-yap\cursse_0\cursse0\cursse0.cpp(35,64): warning C4305: инициализация: усечение из "int" в "char"
E:\vas_vaznoe\cursee-yap\cursse_0\cursse0\cursse0.cpp(35,64): warning C4309: инициализация: усечение константного значения
E:\vas_vaznoe\cursee-yap\cursse_0\cursse0\cursse0.cpp(35,72): warning C4838: Преобразование из "int" в "char" требует сужающего преобразования.
E:\vas_vaznoe\cursee-yap\cursse_0\cursse0\cursse0.cpp(35,72): warning C4305: инициализация: усечение из "int" в "char"
E:\vas_vaznoe\cursee-yap\cursse_0\cursse0\cursse0.cpp(35,72): warning C4309: инициализация: усечение константного значения
E:\vas_vaznoe\cursee-yap\cursse_0\cursse0\cursse0.cpp(35,80): warning C4838: Преобразование из "int" в "char" требует сужающего преобразования.
E:\vas_vaznoe\cursee-yap\cursse_0\cursse0\cursse0.cpp(35,80): warning C4305: инициализация: усечение из "int" в "char"
E:\vas_vaznoe\cursee-yap\cursse_0\cursse0\cursse0.cpp(35,80): warning C4309: инициализация: усечение константного значения
E:\vas_vaznoe\cursee-yap\cursse_0\cursse0\cursse0.cpp(35,88): warning C4838: Преобразование из "int" в "char" требует сужающего преобразования.
E:\vas_vaznoe\cursee-yap\cursse_0\cursse0\cursse0.cpp(35,88): warning C4305: инициализация: усечение из "int" в "char"
E:\vas_vaznoe\cursee-yap\cursse_0\cursse0\cursse0.cpp(35,88): warning C4309: инициализация: усечение константного значения
E:\vas_vaznoe\cursee-yap\cursse_0\cursse0\cursse0.cpp(35,96): warning C4838: Преобразование из "int" в "char" требует сужающего преобразования.
E:\vas_vaznoe\cursee-yap\cursse_0\cursse0\cursse0.cpp(35,96): warning C4305: инициализация: усечение из "int" в "char"
E:\vas_vaznoe\cursee-yap\cursse_0\cursse0\cursse0.cpp(35,96): warning C4309: инициализация: усечение константного значения
E:\vas_vaznoe\cursee-yap\cursse_0\cursse0\cursse0.cpp(35,104): warning C4838: Преобразование из "int" в "char" требует сужающего преобразования.
E:\vas_vaznoe\cursee-yap\cursse_0\cursse0\cursse0.cpp(35,104): warning C4305: инициализация: усечение из "int" в "char"
E:\vas_vaznoe\cursee-yap\cursse_0\cursse0\cursse0.cpp(35,104): warning C4309: инициализация: усечение константного значения
E:\vas_vaznoe\cursee-yap\cursse_0\cursse0\cursse0.cpp(35,111): warning C4838: Преобразование из "int" в "char" требует сужающего преобразования.
E:\vas_vaznoe\cursee-yap\cursse_0\cursse0\cursse0.cpp(35,111): warning C4305: инициализация: усечение из "int" в "char"
E:\vas_vaznoe\cursee-yap\cursse_0\cursse0\cursse0.cpp(35,111): warning C4309: инициализация: усечение константного значения
E:\vas_vaznoe\cursee-yap\cursse_0\cursse0\cursse0.cpp(35,118): warning C4838: Преобразование из "int" в "char" требует сужающего преобразования.
E:\vas_vaznoe\cursee-yap\cursse_0\cursse0\cursse0.cpp(35,118): warning C4305: инициализация: усечение из "int" в "char"
E:\vas_vaznoe\cursee-yap\cursse_0\cursse0\cursse0.cpp(35,118): warning C4309: инициализация: усечение константного значения
E:\vas_vaznoe\cursee-yap\cursse_0\cursse0\cursse0.cpp(35,125): warning C4838: Преобразование из "int" в "char" требует сужающего преобразования.
E:\vas_vaznoe\cursee-yap\cursse_0\cursse0\cursse0.cpp(35,125): warning C4305: инициализация: усечение из "int" в "char"
E:\vas_vaznoe\cursee-yap\cursse_0\cursse0\cursse0.cpp(35,125): warning C4309: инициализация: усечение константного значения
E:\vas_vaznoe\cursee-yap\cursse_0\cursse0\cursse0.cpp(35,133): warning C4838: Преобразование из "int" в "char" требует сужающего преобразования.
E:\vas_vaznoe\cursee-yap\cursse_0\cursse0\cursse0.cpp(35,133): warning C4305: инициализация: усечение из "int" в "char"
E:\vas_vaznoe\cursee-yap\cursse_0\cursse0\cursse0.cpp(35,133): warning C4309: инициализация: усечение константного значения
E:\vas_vaznoe\cursee-yap\cursse_0\cursse0\cursse0.cpp(35,141): warning C4838: Преобразование из "int" в "char" требует сужающего преобразования.
E:\vas_vaznoe\cursee-yap\cursse_0\cursse0\cursse0.cpp(35,141): warning C4305: инициализация: усечение из "int" в "char"
E:\vas_vaznoe\cursee-yap\cursse_0\cursse0\cursse0.cpp(35,141): warning C4309: инициализация: усечение константного значения
E:\vas_vaznoe\cursee-yap\cursse_0\cursse0\cursse0.cpp(35,149): warning C4838: Преобразование из "int" в "char" требует сужающего преобразования.
E:\vas_vaznoe\cursee-yap\cursse_0\cursse0\cursse0.cpp(35,149): warning C4305: инициализация: усечение из "int" в "char"
E:\vas_vaznoe\cursee-yap\cursse_0\cursse0\cursse0.cpp(35,149): warning C4309: инициализация: усечение константного значения
E:\vas_vaznoe\cursee-yap\cursse_0\cursse0\cursse0.cpp(35,157): warning C4838: Преобразование из "int" в "char" требует сужающего преобразования.
E:\vas_vaznoe\cursee-yap\cursse_0\cursse0\cursse0.cpp(35,157): warning C4305: инициализация: усечение из "int" в "char"
E:\vas_vaznoe\cursee-yap\cursse_0\cursse0\cursse0.cpp(35,157): warning C4309: инициализация: усечение константного значения
E:\vas_vaznoe\cursee-yap\cursse_0\cursse0\cursse0.cpp(35,165): warning C4838: Преобразование из "int" в "char" требует сужающего преобразования.
E:\vas_vaznoe\cursee-yap\cursse_0\cursse0\cursse0.cpp(35,165): warning C4305: инициализация: усечение из "int" в "char"
E:\vas_vaznoe\cursee-yap\cursse_0\cursse0\cursse0.cpp(35,165): warning C4309: инициализация: усечение константного значения
E:\vas_vaznoe\cursee-yap\cursse_0\cursse0\cursse0.cpp(35,173): warning C4838: Преобразование из "int" в "char" требует сужающего преобразования.
E:\vas_vaznoe\cursee-yap\cursse_0\cursse0\cursse0.cpp(35,173): warning C4305: инициализация: усечение из "int" в "char"
E:\vas_vaznoe\cursee-yap\cursse_0\cursse0\cursse0.cpp(35,173): warning C4309: инициализация: усечение константного значения
E:\vas_vaznoe\cursee-yap\cursse_0\cursse0\cursse0.cpp(36,1): warning C4838: Преобразование из "int" в "char" требует сужающего преобразования.
E:\vas_vaznoe\cursee-yap\cursse_0\cursse0\cursse0.cpp(36,1): warning C4305: инициализация: усечение из "int" в "char"
E:\vas_vaznoe\cursee-yap\cursse_0\cursse0\cursse0.cpp(36,1): warning C4309: инициализация: усечение константного значения
E:\vas_vaznoe\cursee-yap\cursse_0\cursse0\cursse0.cpp(36,9): warning C4838: Преобразование из "int" в "char" требует сужающего преобразования.
E:\vas_vaznoe\cursee-yap\cursse_0\cursse0\cursse0.cpp(36,9): warning C4305: инициализация: усечение из "int" в "char"
E:\vas_vaznoe\cursee-yap\cursse_0\cursse0\cursse0.cpp(36,9): warning C4309: инициализация: усечение константного значения
E:\vas_vaznoe\cursee-yap\cursse_0\cursse0\cursse0.cpp(36,17): warning C4838: Преобразование из "int" в "char" требует сужающего преобразования.
E:\vas_vaznoe\cursee-yap\cursse_0\cursse0\cursse0.cpp(36,17): warning C4305: инициализация: усечение из "int" в "char"
E:\vas_vaznoe\cursee-yap\cursse_0\cursse0\cursse0.cpp(36,17): warning C4309: инициализация: усечение константного значения
E:\vas_vaznoe\cursee-yap\cursse_0\cursse0\cursse0.cpp(36,25): warning C4838: Преобразование из "int" в "char" требует сужающего преобразования.
E:\vas_vaznoe\cursee-yap\cursse_0\cursse0\cursse0.cpp(36,25): warning C4305: инициализация: усечение из "int" в "char"
E:\vas_vaznoe\cursee-yap\cursse_0\cursse0\cursse0.cpp(36,25): warning C4309: инициализация: усечение константного значения
E:\vas_vaznoe\cursee-yap\cursse_0\cursse0\cursse0.cpp(36,33): warning C4838: Преобразование из "int" в "char" требует сужающего преобразования.
E:\vas_vaznoe\cursee-yap\cursse_0\cursse0\cursse0.cpp(36,33): warning C4305: инициализация: усечение из "int" в "char"
E:\vas_vaznoe\cursee-yap\cursse_0\cursse0\cursse0.cpp(36,33): warning C4309: инициализация: усечение константного значения
E:\vas_vaznoe\cursee-yap\cursse_0\cursse0\cursse0.cpp(36,42): warning C4838: Преобразование из "int" в "char" требует сужающего преобразования.
E:\vas_vaznoe\cursee-yap\cursse_0\cursse0\cursse0.cpp(36,42): warning C4305: инициализация: усечение из "int" в "char"
E:\vas_vaznoe\cursee-yap\cursse_0\cursse0\cursse0.cpp(36,42): warning C4309: инициализация: усечение константного значения
E:\vas_vaznoe\cursee-yap\cursse_0\cursse0\cursse0.cpp(36,49): warning C4838: Преобразование из "int" в "char" требует сужающего преобразования.
E:\vas_vaznoe\cursee-yap\cursse_0\cursse0\cursse0.cpp(36,49): warning C4305: инициализация: усечение из "int" в "char"
E:\vas_vaznoe\cursee-yap\cursse_0\cursse0\cursse0.cpp(36,49): warning C4309: инициализация: усечение константного значения
E:\vas_vaznoe\cursee-yap\cursse_0\cursse0\cursse0.cpp(36,56): warning C4838: Преобразование из "int" в "char" требует сужающего преобразования.
E:\vas_vaznoe\cursee-yap\cursse_0\cursse0\cursse0.cpp(36,56): warning C4305: инициализация: усечение из "int" в "char"
E:\vas_vaznoe\cursee-yap\cursse_0\cursse0\cursse0.cpp(36,56): warning C4309: инициализация: усечение константного значения
E:\vas_vaznoe\cursee-yap\cursse_0\cursse0\cursse0.cpp(36,63): warning C4838: Преобразование из "int" в "char" требует сужающего преобразования.
E:\vas_vaznoe\cursee-yap\cursse_0\cursse0\cursse0.cpp(36,63): warning C4305: инициализация: усечение из "int" в "char"
E:\vas_vaznoe\cursee-yap\cursse_0\cursse0\cursse0.cpp(36,63): warning C4309: инициализация: усечение константного значения
E:\vas_vaznoe\cursee-yap\cursse_0\cursse0\cursse0.cpp(36,71): warning C4838: Преобразование из "int" в "char" требует сужающего преобразования.
E:\vas_vaznoe\cursee-yap\cursse_0\cursse0\cursse0.cpp(36,71): warning C4305: инициализация: усечение из "int" в "char"
E:\vas_vaznoe\cursee-yap\cursse_0\cursse0\cursse0.cpp(36,71): warning C4309: инициализация: усечение константного значения
E:\vas_vaznoe\cursee-yap\cursse_0\cursse0\cursse0.cpp(36,80): warning C4838: Преобразование из "int" в "char" требует сужающего преобразования.
E:\vas_vaznoe\cursee-yap\cursse_0\cursse0\cursse0.cpp(36,80): warning C4305: инициализация: усечение из "int" в "char"
E:\vas_vaznoe\cursee-yap\cursse_0\cursse0\cursse0.cpp(36,80): warning C4309: инициализация: усечение константного значения
E:\vas_vaznoe\cursee-yap\cursse_0\cursse0\cursse0.cpp(36,89): warning C4838: Преобразование из "int" в "char" требует сужающего преобразования.
E:\vas_vaznoe\cursee-yap\cursse_0\cursse0\cursse0.cpp(36,89): warning C4305: инициализация: усечение из "int" в "char"
E:\vas_vaznoe\cursee-yap\cursse_0\cursse0\cursse0.cpp(36,89): warning C4309: инициализация: усечение константного значения
E:\vas_vaznoe\cursee-yap\cursse_0\cursse0\cursse0.cpp(36,98): warning C4838: Преобразование из "int" в "char" требует сужающего преобразования.
E:\vas_vaznoe\cursee-yap\cursse_0\cursse0\cursse0.cpp(36,98): warning C4305: инициализация: усечение из "int" в "char"
E:\vas_vaznoe\cursee-yap\cursse_0\cursse0\cursse0.cpp(36,98): warning C4309: инициализация: усечение константного значения
E:\vas_vaznoe\cursee-yap\cursse_0\cursse0\cursse0.cpp(36,107): warning C4838: Преобразование из "int" в "char" требует сужающего преобразования.
E:\vas_vaznoe\cursee-yap\cursse_0\cursse0\cursse0.cpp(36,107): warning C4305: инициализация: усечение из "int" в "char"
E:\vas_vaznoe\cursee-yap\cursse_0\cursse0\cursse0.cpp(36,107): warning C4309: инициализация: усечение константного значения
E:\vas_vaznoe\cursee-yap\cursse_0\cursse0\cursse0.cpp(36,116): warning C4838: Преобразование из "int" в "char" требует сужающего преобразования.
E:\vas_vaznoe\cursee-yap\cursse_0\cursse0\cursse0.cpp(36,116): warning C4305: инициализация: усечение из "int" в "char"
E:\vas_vaznoe\cursee-yap\cursse_0\cursse0\cursse0.cpp(36,116): warning C4309: инициализация: усечение константного значения
E:\vas_vaznoe\cursee-yap\cursse_0\cursse0\cursse0.cpp(36,125): warning C4838: Преобразование из "int" в "char" требует сужающего преобразования.
E:\vas_vaznoe\cursee-yap\cursse_0\cursse0\cursse0.cpp(36,125): warning C4305: инициализация: усечение из "int" в "char"
E:\vas_vaznoe\cursee-yap\cursse_0\cursse0\cursse0.cpp(36,125): warning C4309: инициализация: усечение константного значения
E:\vas_vaznoe\cursee-yap\cursse_0\cursse0\cursse0.cpp(36,133): warning C4838: Преобразование из "int" в "char" требует сужающего преобразования.
E:\vas_vaznoe\cursee-yap\cursse_0\cursse0\cursse0.cpp(36,133): warning C4305: инициализация: усечение из "int" в "char"
E:\vas_vaznoe\cursee-yap\cursse_0\cursse0\cursse0.cpp(36,133): warning C4309: инициализация: усечение константного значения
E:\vas_vaznoe\cursee-yap\cursse_0\cursse0\cursse0.cpp(36,141): warning C4838: Преобразование из "int" в "char" требует сужающего преобразования.
E:\vas_vaznoe\cursee-yap\cursse_0\cursse0\cursse0.cpp(36,141): warning C4305: инициализация: усечение из "int" в "char"
E:\vas_vaznoe\cursee-yap\cursse_0\cursse0\cursse0.cpp(36,141): warning C4309: инициализация: усечение константного значения
E:\vas_vaznoe\cursee-yap\cursse_0\cursse0\cursse0.cpp(36,150): warning C4838: Преобразование из "int" в "char" требует сужающего преобразования.
E:\vas_vaznoe\cursee-yap\cursse_0\cursse0\cursse0.cpp(36,150): warning C4305: инициализация: усечение из "int" в "char"
E:\vas_vaznoe\cursee-yap\cursse_0\cursse0\cursse0.cpp(36,150): warning C4309: инициализация: усечение константного значения
E:\vas_vaznoe\cursee-yap\cursse_0\cursse0\cursse0.cpp(36,159): warning C4838: Преобразование из "int" в "char" требует сужающего преобразования.
E:\vas_vaznoe\cursee-yap\cursse_0\cursse0\cursse0.cpp(36,159): warning C4305: инициализация: усечение из "int" в "char"
E:\vas_vaznoe\cursee-yap\cursse_0\cursse0\cursse0.cpp(36,159): warning C4309: инициализация: усечение константного значения
E:\vas_vaznoe\cursee-yap\cursse_0\cursse0\cursse0.cpp(36,166): warning C4838: Преобразование из "int" в "char" требует сужающего преобразования.
E:\vas_vaznoe\cursee-yap\cursse_0\cursse0\cursse0.cpp(36,166): warning C4305: инициализация: усечение из "int" в "char"
E:\vas_vaznoe\cursee-yap\cursse_0\cursse0\cursse0.cpp(36,166): warning C4309: инициализация: усечение константного значения
E:\vas_vaznoe\cursee-yap\cursse_0\cursse0\cursse0.cpp(36,174): warning C4838: Преобразование из "int" в "char" требует сужающего преобразования.
E:\vas_vaznoe\cursee-yap\cursse_0\cursse0\cursse0.cpp(36,174): warning C4305: инициализация: усечение из "int" в "char"
E:\vas_vaznoe\cursee-yap\cursse_0\cursse0\cursse0.cpp(36,174): warning C4309: инициализация: усечение константного значения
E:\vas_vaznoe\cursee-yap\cursse_0\cursse0\cursse0.cpp(36,182): warning C4838: Преобразование из "int" в "char" требует сужающего преобразования.
E:\vas_vaznoe\cursee-yap\cursse_0\cursse0\cursse0.cpp(36,182): warning C4305: инициализация: усечение из "int" в "char"
E:\vas_vaznoe\cursee-yap\cursse_0\cursse0\cursse0.cpp(36,182): warning C4309: инициализация: усечение константного значения
E:\vas_vaznoe\cursee-yap\cursse_0\cursse0\cursse0.cpp(36,189): warning C4838: Преобразование из "int" в "char" требует сужающего преобразования.
E:\vas_vaznoe\cursee-yap\cursse_0\cursse0\cursse0.cpp(36,189): warning C4305: инициализация: усечение из "int" в "char"
E:\vas_vaznoe\cursee-yap\cursse_0\cursse0\cursse0.cpp(36,189): warning C4309: инициализация: усечение константного значения
E:\vas_vaznoe\cursee-yap\cursse_0\cursse0\cursse0.cpp(207,11): warning C4267: инициализация: преобразование из "size_t" в "int"; возможна потеря данных
E:\vas_vaznoe\cursee-yap\cursse_0\cursse0\cursse0.cpp(481,22): warning C4244: аргумент: преобразование "time_t" в "unsigned int", возможна потеря данных
E:\vas_vaznoe\cursee-yap\cursse_0\cursse0\cursse0.cpp(495,22): warning C4244: аргумент: преобразование "time_t" в "unsigned int", возможна потеря данных
E:\vas_vaznoe\cursee-yap\cursse_0\cursse0\cursse0.cpp(507,22): warning C4244: аргумент: преобразование "time_t" в "unsigned int", возможна потеря данных
E:\vas_vaznoe\cursee-yap\cursse_0\cursse0\cursse0.cpp(493,10): warning C4101: t: неиспользованная локальная переменная
E:\vas_vaznoe\cursee-yap\cursse_0\cursse0\cursse0.cpp(660,101): warning C4267: аргумент: преобразование из "size_t" в "int"; возможна потеря данных
E:\vas_vaznoe\cursee-yap\cursse_0\cursse0\cursse0.cpp(665,130): warning C4267: аргумент: преобразование из "size_t" в "int"; возможна потеря данных
E:\vas_vaznoe\cursee-yap\cursse_0\cursse0\cursse0.cpp(856,22): warning C4244: аргумент: преобразование "time_t" в "unsigned int", возможна потеря данных
  Создание кода
E:\vas_vaznoe\cursee-yap\cursse_0\cursse0\cursse0.cpp(684): warning C4715: analise_2: значение возвращается не при всех путях выполнения
E:\vas_vaznoe\cursee-yap\cursse_0\cursse0\cursse0.cpp(822): warning C4715: analyse: значение возвращается не при всех путях выполнения
  154 of 158 functions (97.5%) were compiled, the rest were copied from previous compilation.
    7 functions were new in current compilation
    1 functions had inline decision re-evaluated but remain unchanged
  Создание кода завершено
  cursse0.vcxproj -> E:\vas_vaznoe\cursee-yap\cursse_0\x64\Release\cursse0.exe
